#
# There is insufficient memory for the Java Runtime Environment to continue.
# Native memory allocation (mmap) failed to map 1540096 bytes for G1 virtual space
# Possible reasons:
#   The system is out of physical RAM or swap space
#   The process is running with CompressedOops enabled, and the Java Heap may be blocking the growth of the native heap
# Possible solutions:
#   Reduce memory load on the system
#   Increase physical memory or swap space
#   Check if swap backing store is full
#   Decrease Java heap size (-Xmx/-Xms)
#   Decrease number of Java threads
#   Decrease Java thread stack sizes (-Xss)
#   Set larger code cache with -XX:ReservedCodeCacheSize=
#   JVM is running with Unscaled Compressed Oops mode in which the Java heap is
#     placed in the first 4GB address space. The Java Heap base address is the
#     maximum limit for the native heap growth. Please use -XX:HeapBaseMinAddress
#     to set the Java Heap base and to place the Java Heap above 4GB virtual address.
# This output file may be truncated or incomplete.
#
#  Out of Memory Error (os_windows.cpp:3771), pid=6340, tid=6524
#
# JRE version:  (17.0.7+10) (build )
# Java VM: OpenJDK 64-Bit Server VM (17.0.7+10-b829.16, mixed mode, sharing, tiered, compressed oops, compressed class ptrs, g1 gc, windows-amd64)
# No core dump will be written. Minidumps are not enabled by default on client versions of Windows
#

---------------  S U M M A R Y ------------

Command Line: externalApp.nativessh.NativeSshAskPassApp The authenticity of host 'github.com (140.82.121.3)' can't be established.
ED25519 key fingerprint is SHA256:+DiY3wvvV6TuJJhbpZisF/zLDA0zPMSvHdkr4UvCOqU.
This key is not known by any other names.
Are you sure you want to continue connecting (yes/no/[fingerprint])? 

Host: Intel(R) Core(TM) i5-2430M CPU @ 2.40GHz, 4 cores, 5G,  Windows 10 , 64 bit Build 14393 (10.0.14393.0)
Time: Tue Jul 11 14:09:13 2023 FLE Daylight Time elapsed time: 0.203490 seconds (0d 0h 0m 0s)

---------------  T H R E A D  ---------------

Current thread (0x000001c5b9bd07f0):  JavaThread "Unknown thread" [_thread_in_vm, id=6524, stack(0x0000002c1ba00000,0x0000002c1bb00000)]

Stack: [0x0000002c1ba00000,0x0000002c1bb00000]
Native frames: (J=compiled Java code, j=interpreted, Vv=VM code, C=native code)
V  [jvm.dll+0x683cca]
V  [jvm.dll+0x8424b4]
V  [jvm.dll+0x843cae]
V  [jvm.dll+0x844313]
V  [jvm.dll+0x24ad2f]
V  [jvm.dll+0x680b99]
V  [jvm.dll+0x67526a]
V  [jvm.dll+0x30b3cb]
V  [jvm.dll+0x312876]
V  [jvm.dll+0x362248]
V  [jvm.dll+0x36244f]
V  [jvm.dll+0x2e14a8]
V  [jvm.dll+0x2e2414]
V  [jvm.dll+0x814441]
V  [jvm.dll+0x36ffe1]
V  [jvm.dll+0x7f3a1c]
V  [jvm.dll+0x3f305f]
V  [jvm.dll+0x3f4b91]
C  [jli.dll+0x528f]
C  [ucrtbase.dll+0x1cab0]
C  [KERNEL32.DLL+0x8364]
C  [ntdll.dll+0x65e91]


---------------  P R O C E S S  ---------------

Threads class SMR info:
_java_thread_list=0x00007ffd7a9fb098, length=0, elements={
}

Java Threads: ( => current thread )

Other Threads:
  0x000001c5b9c1e130 GCTaskThread "GC Thread#0" [stack: 0x0000002c1bb00000,0x0000002c1bc00000] [id=6308]
  0x000001c5b9c2ab00 ConcurrentGCThread "G1 Main Marker" [stack: 0x0000002c1bc00000,0x0000002c1bd00000] [id=5860]
  0x000001c5b9c2b420 ConcurrentGCThread "G1 Conc#0" [stack: 0x0000002c1bd00000,0x0000002c1be00000] [id=4172]

[error occurred during error reporting (printing all threads), id 0xc0000005, EXCEPTION_ACCESS_VIOLATION (0xc0000005) at pc=0x00007ffd7a1b2087]

VM state: not at safepoint (not fully initialized)

VM Mutex/Monitor currently owned by a thread:  ([mutex/lock_event])
[0x000001c5b9bcc0c0] Heap_lock - owner thread: 0x000001c5b9bd07f0

Heap address: 0x00000000a2400000, size: 1500 MB, Compressed Oops mode: 32-bit

CDS archive(s) mapped at: [0x0000000000000000-0x0000000000000000-0x0000000000000000), size 0, SharedBaseAddress: 0x0000000800000000, ArchiveRelocationMode: 0.
Narrow klass base: 0x0000000000000000, Narrow klass shift: 0, Narrow klass range: 0x0

GC Precious Log:
<Empty>

Heap:
 garbage-first heap   total 0K, used 0K [0x00000000a2400000, 0x0000000100000000)
  region size 1024K, 0 young (0K), 0 survivors (0K)

[error occurred during error reporting (printing heap information), id 0xc0000005, EXCEPTION_ACCESS_VIOLATION (0xc0000005) at pc=0x00007ffd7a59df59]

GC Heap History (0 events):
No events

Dll operation events (1 events):
Event: 0.129 Loaded shared library D:\Program Files\IntelliJ IDEA Community Edition 2023.1.1\jbr\bin\java.dll

Deoptimization events (0 events):
No events

Classes unloaded (0 events):
No events

Classes redefined (0 events):
No events

Internal exceptions (0 events):
No events

VM Operations (0 events):
No events

Events (0 events):
No events


Dynamic libraries:
0x00007ff64fff0000 - 0x00007ff64fffa000 	D:\Program Files\IntelliJ IDEA Community Edition 2023.1.1\jbr\bin\java.exe
0x00007ffda58a0000 - 0x00007ffda5a71000 	C:\Windows\SYSTEM32\ntdll.dll
0x00007ffda35e0000 - 0x00007ffda368b000 	C:\Windows\System32\KERNEL32.DLL
0x00007ffda2960000 - 0x00007ffda2b7d000 	C:\Windows\System32\KERNELBASE.dll
0x00007ffd99920000 - 0x00007ffd99937000 	D:\Program Files\IntelliJ IDEA Community Edition 2023.1.1\jbr\bin\jli.dll
0x00007ffd90450000 - 0x00007ffd9046b000 	D:\Program Files\IntelliJ IDEA Community Edition 2023.1.1\jbr\bin\VCRUNTIME140.dll
0x00007ffda1e80000 - 0x00007ffda1f75000 	C:\Windows\System32\ucrtbase.dll
0x00007ffda51a0000 - 0x00007ffda5305000 	C:\Windows\System32\USER32.dll
0x00007ffda2200000 - 0x00007ffda221e000 	C:\Windows\System32\win32u.dll
0x00007ffd90600000 - 0x00007ffd90879000 	C:\Windows\WinSxS\amd64_microsoft.windows.common-controls_6595b64144ccf1df_6.0.14393.0_none_2d0f50fcbdb171b8\COMCTL32.dll
0x00007ffda36b0000 - 0x00007ffda36e4000 	C:\Windows\System32\GDI32.dll
0x00007ffda3b90000 - 0x00007ffda3c2e000 	C:\Windows\System32\msvcrt.dll
0x00007ffda2b80000 - 0x00007ffda2d02000 	C:\Windows\System32\gdi32full.dll
0x00007ffda3230000 - 0x00007ffda34f7000 	C:\Windows\System32\combase.dll
0x00007ffda3910000 - 0x00007ffda3a31000 	C:\Windows\System32\RPCRT4.dll
0x00007ffda2d10000 - 0x00007ffda2d7a000 	C:\Windows\System32\bcryptPrimitives.dll
0x00007ffda3160000 - 0x00007ffda318e000 	C:\Windows\System32\IMM32.DLL
0x00007ffd9e900000 - 0x00007ffd9e90c000 	D:\Program Files\IntelliJ IDEA Community Edition 2023.1.1\jbr\bin\vcruntime140_1.dll
0x00007ffd87460000 - 0x00007ffd874ed000 	D:\Program Files\IntelliJ IDEA Community Edition 2023.1.1\jbr\bin\msvcp140.dll
0x00007ffd79ec0000 - 0x00007ffd7ab2e000 	D:\Program Files\IntelliJ IDEA Community Edition 2023.1.1\jbr\bin\server\jvm.dll
0x00007ffda3090000 - 0x00007ffda3132000 	C:\Windows\System32\ADVAPI32.dll
0x00007ffda5840000 - 0x00007ffda5899000 	C:\Windows\System32\sechost.dll
0x00007ffd8fe30000 - 0x00007ffd8fe39000 	C:\Windows\SYSTEM32\WSOCK32.dll
0x00007ffda01e0000 - 0x00007ffda0203000 	C:\Windows\SYSTEM32\WINMM.dll
0x00007ffd9ce40000 - 0x00007ffd9ce4a000 	C:\Windows\SYSTEM32\VERSION.dll
0x00007ffda3570000 - 0x00007ffda35da000 	C:\Windows\System32\WS2_32.dll
0x000001c5b7ad0000 - 0x000001c5b7afb000 	C:\Windows\SYSTEM32\WINMMBASE.dll
0x00007ffda1e30000 - 0x00007ffda1e72000 	C:\Windows\System32\cfgmgr32.dll
0x00007ffda1da0000 - 0x00007ffda1daf000 	C:\Windows\System32\kernel.appcore.dll
0x00007ffda0240000 - 0x00007ffda024a000 	D:\Program Files\IntelliJ IDEA Community Edition 2023.1.1\jbr\bin\jimage.dll
0x00007ffd89a70000 - 0x00007ffd89c02000 	C:\Windows\SYSTEM32\DBGHELP.DLL
0x00007ffd916d0000 - 0x00007ffd916f9000 	C:\Windows\SYSTEM32\dbgcore.DLL
0x00007ffd99510000 - 0x00007ffd99535000 	D:\Program Files\IntelliJ IDEA Community Edition 2023.1.1\jbr\bin\java.dll

dbghelp: loaded successfully - version: 4.0.5 - missing functions: none
symbol engine: initialized successfully - sym options: 0x614 - pdb path: .;D:\Program Files\IntelliJ IDEA Community Edition 2023.1.1\jbr\bin;C:\Windows\SYSTEM32;C:\Windows\WinSxS\amd64_microsoft.windows.common-controls_6595b64144ccf1df_6.0.14393.0_none_2d0f50fcbdb171b8;D:\Program Files\IntelliJ IDEA Community Edition 2023.1.1\jbr\bin\server

VM Arguments:
java_command: externalApp.nativessh.NativeSshAskPassApp The authenticity of host 'github.com (140.82.121.3)' can't be established.
ED25519 key fingerprint is SHA256:+DiY3wvvV6TuJJhbpZisF/zLDA0zPMSvHdkr4UvCOqU.
This key is not known by any other names.
Are you sure you want to continue connecting (yes/no/[fingerprint])? 
java_class_path (initial): D:/Program Files/IntelliJ IDEA Community Edition 2023.1.1/lib/externalProcess-rt.jar
Launcher Type: SUN_STANDARD

[Global flags]
     intx CICompilerCount                          = 3                                         {product} {ergonomic}
     uint ConcGCThreads                            = 1                                         {product} {ergonomic}
     uint G1ConcRefinementThreads                  = 4                                         {product} {ergonomic}
   size_t G1HeapRegionSize                         = 1048576                                   {product} {ergonomic}
    uintx GCDrainStackTargetSize                   = 64                                        {product} {ergonomic}
   size_t InitialHeapSize                          = 98566144                                  {product} {ergonomic}
   size_t MarkStackSize                            = 4194304                                   {product} {ergonomic}
   size_t MaxHeapSize                              = 1572864000                                {product} {ergonomic}
   size_t MinHeapDeltaBytes                        = 1048576                                   {product} {ergonomic}
   size_t MinHeapSize                              = 8388608                                   {product} {ergonomic}
    uintx NonNMethodCodeHeapSize                   = 5832780                                {pd product} {ergonomic}
    uintx NonProfiledCodeHeapSize                  = 122912730                              {pd product} {ergonomic}
    uintx ProfiledCodeHeapSize                     = 122912730                              {pd product} {ergonomic}
    uintx ReservedCodeCacheSize                    = 251658240                              {pd product} {ergonomic}
     bool SegmentedCodeCache                       = true                                      {product} {ergonomic}
   size_t SoftMaxHeapSize                          = 1572864000                             {manageable} {ergonomic}
     bool UseCompressedClassPointers               = true                           {product lp64_product} {ergonomic}
     bool UseCompressedOops                        = true                           {product lp64_product} {ergonomic}
     bool UseG1GC                                  = true                                      {product} {ergonomic}
     bool UseLargePagesIndividualAllocation        = false                                  {pd product} {ergonomic}

Logging:
Log output configuration:
 #0: stdout all=warning uptime,level,tags
 #1: stderr all=off uptime,level,tags

Environment Variables:
JAVA_HOME=D:\Program Files\Java\jdk-11
PATH=D:\Program Files\Git\mingw64\libexec\git-core;D:\Program Files\Git\mingw64\bin;D:\Program Files\Git\usr\bin;C:\Windows\system32\config\systemprofile\bin;C:\Program Files\Common Files\Oracle\Java\javapath;C:\Program Files (x86)\Common Files\Oracle\Java\javapath;C:\Windows\system32;C:\Windows;C:\Windows\System32\Wbem;C:\Windows\System32\WindowsPowerShell\v1.0;C:\Program Files (x86)\ATI Technologies\ATI.ACE\Core-Static;%M2_HOME%\bin;D:\Program Files\Maven\bin;D:\Program Files\Git\cmd;C:\Users\Alex\AppData\Local\Microsoft\WindowsApps;D:\Program Files\IntelliJ IDEA Community Edition 2023.1.1\bin
USERNAME=Alex
DISPLAY=:0.0
LC_ALL=en_US.UTF-8
TERM=cygwin
TMPDIR=C:\Users\Alex\AppData\Local\Temp
OS=Windows_NT
PROCESSOR_IDENTIFIER=Intel64 Family 6 Model 42 Stepping 7, GenuineIntel
TMP=C:\Users\Alex\AppData\Local\Temp
TEMP=C:\Users\Alex\AppData\Local\Temp


JNI global refs:

[error occurred during error reporting (JNI global references), id 0xc0000005, EXCEPTION_ACCESS_VIOLATION (0xc0000005) at pc=0x00007ffd79f77fc0]


---------------  S Y S T E M  ---------------

OS:
 Windows 10 , 64 bit Build 14393 (10.0.14393.0)
OS uptime: 0 days 3:46 hours

CPU: total 4 (initial active 4) (2 cores per cpu, 2 threads per core) family 6 model 42 stepping 7 microcode 0x29, cx8, cmov, fxsr, ht, mmx, sse, sse2, sse3, ssse3, sse4.1, sse4.2, popcnt, tsc, tscinvbit, avx, aes, clmul, vzeroupper, clflush

Memory: 4k page, system-wide physical 5995M (939M free)
TotalPageFile size 5995M (AvailPageFile size 4M)
current process WorkingSet (physical memory assigned to process): 10M, peak: 10M
current process commit charge ("private bytes"): 147M, peak: 148M

vm_info: OpenJDK 64-Bit Server VM (17.0.7+10-b829.16) for windows-amd64 JRE (17.0.7+10-b829.16), built on 2023-06-02 by "builduser" with MS VC++ 16.10 / 16.11 (VS2019)

END.
