#
# There is insufficient memory for the Java Runtime Environment to continue.
# Native memory allocation (malloc) failed to allocate 32744 bytes for ChunkPool::allocate
# Possible reasons:
#   The system is out of physical RAM or swap space
#   The process is running with CompressedOops enabled, and the Java Heap may be blocking the growth of the native heap
# Possible solutions:
#   Reduce memory load on the system
#   Increase physical memory or swap space
#   Check if swap backing store is full
#   Decrease Java heap size (-Xmx/-Xms)
#   Decrease number of Java threads
#   Decrease Java thread stack sizes (-Xss)
#   Set larger code cache with -XX:ReservedCodeCacheSize=
#   JVM is running with Unscaled Compressed Oops mode in which the Java heap is
#     placed in the first 4GB address space. The Java Heap base address is the
#     maximum limit for the native heap growth. Please use -XX:HeapBaseMinAddress
#     to set the Java Heap base and to place the Java Heap above 4GB virtual address.
# This output file may be truncated or incomplete.
#
#  Out of Memory Error (./open/src/hotspot/share/memory/arena.cpp:81), pid=5640, tid=4296
#
# JRE version: Java(TM) SE Runtime Environment 18.9 (11.0.19+9) (build 11.0.19+9-LTS-224)
# Java VM: Java HotSpot(TM) 64-Bit Server VM 18.9 (11.0.19+9-LTS-224, mixed mode, tiered, compressed oops, g1 gc, windows-amd64)
# No core dump will be written. Minidumps are not enabled by default on client versions of Windows
#

---------------  S U M M A R Y ------------

Command Line: -javaagent:D:\Program Files\IntelliJ IDEA Community Edition 2023.1.1\lib\idea_rt.jar=3236:D:\Program Files\IntelliJ IDEA Community Edition 2023.1.1\bin -Dfile.encoding=UTF-8 com.hillel.Calculator

Host: Intel(R) Core(TM) i5-2430M CPU @ 2.40GHz, 4 cores, 5G,  Windows 10 , 64 bit Build 14393 (10.0.14393.0)
Time: Fri Jun  9 23:21:55 2023 FLE Daylight Time elapsed time: 0.161512 seconds (0d 0h 0m 0s)

---------------  T H R E A D  ---------------

Current thread (0x000001bb7fa0a000):  JavaThread "C2 CompilerThread0" daemon [_thread_in_native, id=4296, stack(0x000000a58e900000,0x000000a58ea00000)]


Current CompileTask:
C2:    161   17       4       java.lang.StringLatin1::hashCode (42 bytes)

Stack: [0x000000a58e900000,0x000000a58ea00000]
Native frames: (J=compiled Java code, j=interpreted, Vv=VM code, C=native code)
V  [jvm.dll+0x65fe1a]
V  [jvm.dll+0x7a2bbf]
V  [jvm.dll+0x7a4289]
V  [jvm.dll+0x7a4923]
V  [jvm.dll+0x258a25]
V  [jvm.dll+0xb2c3f]
V  [jvm.dll+0xb2f8c]
V  [jvm.dll+0x63e412]
V  [jvm.dll+0x5f3799]
V  [jvm.dll+0x5f2467]
V  [jvm.dll+0x2115a5]
V  [jvm.dll+0x2106f8]
V  [jvm.dll+0x18c841]
V  [jvm.dll+0x220989]
V  [jvm.dll+0x21ecac]
V  [jvm.dll+0x766921]
V  [jvm.dll+0x75f2e4]
V  [jvm.dll+0x65ecc5]
C  [ucrtbase.dll+0x1cab0]
C  [KERNEL32.DLL+0x8364]
C  [ntdll.dll+0x65e91]


---------------  P R O C E S S  ---------------

Threads class SMR info:
_java_thread_list=0x000001bb7f9ebcf0, length=9, elements={
0x000001bb66e1a800, 0x000001bb7f9e8000, 0x000001bb7f9e9800, 0x000001bb7fb53000,
0x000001bb7fa04000, 0x000001bb7fa06800, 0x000001bb7fa0a000, 0x000001bb7fa0b800,
0x000001bb7fa16800
}

Java Threads: ( => current thread )
  0x000001bb66e1a800 JavaThread "main" [_thread_in_vm, id=188, stack(0x000000a58dd00000,0x000000a58de00000)]
  0x000001bb7f9e8000 JavaThread "Reference Handler" daemon [_thread_blocked, id=4412, stack(0x000000a58e400000,0x000000a58e500000)]
  0x000001bb7f9e9800 JavaThread "Finalizer" daemon [_thread_blocked, id=4676, stack(0x000000a58e500000,0x000000a58e600000)]
  0x000001bb7fb53000 JavaThread "Signal Dispatcher" daemon [_thread_blocked, id=2204, stack(0x000000a58e600000,0x000000a58e700000)]
  0x000001bb7fa04000 JavaThread "Attach Listener" daemon [_thread_blocked, id=5212, stack(0x000000a58e700000,0x000000a58e800000)]
  0x000001bb7fa06800 JavaThread "Service Thread" daemon [_thread_blocked, id=2416, stack(0x000000a58e800000,0x000000a58e900000)]
=>0x000001bb7fa0a000 JavaThread "C2 CompilerThread0" daemon [_thread_in_native, id=4296, stack(0x000000a58e900000,0x000000a58ea00000)]
  0x000001bb7fa0b800 JavaThread "C1 CompilerThread0" daemon [_thread_blocked, id=2580, stack(0x000000a58ea00000,0x000000a58eb00000)]
  0x000001bb7fa16800 JavaThread "Sweeper thread" daemon [_thread_blocked, id=760, stack(0x000000a58eb00000,0x000000a58ec00000)]

Other Threads:
  0x000001bb7f9c1000 VMThread "VM Thread" [stack: 0x000000a58e300000,0x000000a58e400000] [id=3680]
  0x000001bb66e30800 GCTaskThread "GC Thread#0" [stack: 0x000000a58de00000,0x000000a58df00000] [id=656]
  0x000001bb66e55000 ConcurrentGCThread "G1 Main Marker" [stack: 0x000000a58df00000,0x000000a58e000000] [id=4376]
  0x000001bb66e56800 ConcurrentGCThread "G1 Conc#0" [stack: 0x000000a58e000000,0x000000a58e100000] [id=4524]
  0x000001bb7f830800 ConcurrentGCThread "G1 Refine#0" [stack: 0x000000a58e100000,0x000000a58e200000] [id=4784]
  0x000001bb7f831800 ConcurrentGCThread "G1 Young RemSet Sampling" [stack: 0x000000a58e200000,0x000000a58e300000] [id=1392]

Threads with active compile tasks:
C2 CompilerThread0      204   17       4       java.lang.StringLatin1::hashCode (42 bytes)

VM state:not at safepoint (normal execution)

VM Mutex/Monitor currently owned by a thread: None

Heap address: 0x00000000a2400000, size: 1500 MB, Compressed Oops mode: 32-bit
Narrow klass base: 0x0000000000000000, Narrow klass shift: 3
Compressed class space size: 1073741824 Address: 0x0000000100000000

Heap:
 garbage-first heap   total 96256K, used 0K [0x00000000a2400000, 0x0000000100000000)
  region size 1024K, 1 young (1024K), 0 survivors (0K)
 Metaspace       used 2664K, capacity 4480K, committed 4480K, reserved 1056768K
  class space    used 217K, capacity 384K, committed 384K, reserved 1048576K
Heap Regions: E=young(eden), S=young(survivor), O=old, HS=humongous(starts), HC=humongous(continues), CS=collection set, F=free, A=archive, TAMS=top-at-mark-start (previous, next)
|   0|0x00000000a2400000, 0x00000000a2400000, 0x00000000a2500000|  0%| F|  |TAMS 0x00000000a2400000, 0x00000000a2400000| Untracked 
|   1|0x00000000a2500000, 0x00000000a2500000, 0x00000000a2600000|  0%| F|  |TAMS 0x00000000a2500000, 0x00000000a2500000| Untracked 
|   2|0x00000000a2600000, 0x00000000a2600000, 0x00000000a2700000|  0%| F|  |TAMS 0x00000000a2600000, 0x00000000a2600000| Untracked 
|   3|0x00000000a2700000, 0x00000000a2700000, 0x00000000a2800000|  0%| F|  |TAMS 0x00000000a2700000, 0x00000000a2700000| Untracked 
|   4|0x00000000a2800000, 0x00000000a2800000, 0x00000000a2900000|  0%| F|  |TAMS 0x00000000a2800000, 0x00000000a2800000| Untracked 
|   5|0x00000000a2900000, 0x00000000a2900000, 0x00000000a2a00000|  0%| F|  |TAMS 0x00000000a2900000, 0x00000000a2900000| Untracked 
|   6|0x00000000a2a00000, 0x00000000a2a00000, 0x00000000a2b00000|  0%| F|  |TAMS 0x00000000a2a00000, 0x00000000a2a00000| Untracked 
|   7|0x00000000a2b00000, 0x00000000a2b00000, 0x00000000a2c00000|  0%| F|  |TAMS 0x00000000a2b00000, 0x00000000a2b00000| Untracked 
|   8|0x00000000a2c00000, 0x00000000a2c00000, 0x00000000a2d00000|  0%| F|  |TAMS 0x00000000a2c00000, 0x00000000a2c00000| Untracked 
|   9|0x00000000a2d00000, 0x00000000a2d00000, 0x00000000a2e00000|  0%| F|  |TAMS 0x00000000a2d00000, 0x00000000a2d00000| Untracked 
|  10|0x00000000a2e00000, 0x00000000a2e00000, 0x00000000a2f00000|  0%| F|  |TAMS 0x00000000a2e00000, 0x00000000a2e00000| Untracked 
|  11|0x00000000a2f00000, 0x00000000a2f00000, 0x00000000a3000000|  0%| F|  |TAMS 0x00000000a2f00000, 0x00000000a2f00000| Untracked 
|  12|0x00000000a3000000, 0x00000000a3000000, 0x00000000a3100000|  0%| F|  |TAMS 0x00000000a3000000, 0x00000000a3000000| Untracked 
|  13|0x00000000a3100000, 0x00000000a3100000, 0x00000000a3200000|  0%| F|  |TAMS 0x00000000a3100000, 0x00000000a3100000| Untracked 
|  14|0x00000000a3200000, 0x00000000a3200000, 0x00000000a3300000|  0%| F|  |TAMS 0x00000000a3200000, 0x00000000a3200000| Untracked 
|  15|0x00000000a3300000, 0x00000000a3300000, 0x00000000a3400000|  0%| F|  |TAMS 0x00000000a3300000, 0x00000000a3300000| Untracked 
|  16|0x00000000a3400000, 0x00000000a3400000, 0x00000000a3500000|  0%| F|  |TAMS 0x00000000a3400000, 0x00000000a3400000| Untracked 
|  17|0x00000000a3500000, 0x00000000a3500000, 0x00000000a3600000|  0%| F|  |TAMS 0x00000000a3500000, 0x00000000a3500000| Untracked 
|  18|0x00000000a3600000, 0x00000000a3600000, 0x00000000a3700000|  0%| F|  |TAMS 0x00000000a3600000, 0x00000000a3600000| Untracked 
|  19|0x00000000a3700000, 0x00000000a3700000, 0x00000000a3800000|  0%| F|  |TAMS 0x00000000a3700000, 0x00000000a3700000| Untracked 
|  20|0x00000000a3800000, 0x00000000a3800000, 0x00000000a3900000|  0%| F|  |TAMS 0x00000000a3800000, 0x00000000a3800000| Untracked 
|  21|0x00000000a3900000, 0x00000000a3900000, 0x00000000a3a00000|  0%| F|  |TAMS 0x00000000a3900000, 0x00000000a3900000| Untracked 
|  22|0x00000000a3a00000, 0x00000000a3a00000, 0x00000000a3b00000|  0%| F|  |TAMS 0x00000000a3a00000, 0x00000000a3a00000| Untracked 
|  23|0x00000000a3b00000, 0x00000000a3b00000, 0x00000000a3c00000|  0%| F|  |TAMS 0x00000000a3b00000, 0x00000000a3b00000| Untracked 
|  24|0x00000000a3c00000, 0x00000000a3c00000, 0x00000000a3d00000|  0%| F|  |TAMS 0x00000000a3c00000, 0x00000000a3c00000| Untracked 
|  25|0x00000000a3d00000, 0x00000000a3d00000, 0x00000000a3e00000|  0%| F|  |TAMS 0x00000000a3d00000, 0x00000000a3d00000| Untracked 
|  26|0x00000000a3e00000, 0x00000000a3e00000, 0x00000000a3f00000|  0%| F|  |TAMS 0x00000000a3e00000, 0x00000000a3e00000| Untracked 
|  27|0x00000000a3f00000, 0x00000000a3f00000, 0x00000000a4000000|  0%| F|  |TAMS 0x00000000a3f00000, 0x00000000a3f00000| Untracked 
|  28|0x00000000a4000000, 0x00000000a4000000, 0x00000000a4100000|  0%| F|  |TAMS 0x00000000a4000000, 0x00000000a4000000| Untracked 
|  29|0x00000000a4100000, 0x00000000a4100000, 0x00000000a4200000|  0%| F|  |TAMS 0x00000000a4100000, 0x00000000a4100000| Untracked 
|  30|0x00000000a4200000, 0x00000000a4200000, 0x00000000a4300000|  0%| F|  |TAMS 0x00000000a4200000, 0x00000000a4200000| Untracked 
|  31|0x00000000a4300000, 0x00000000a4300000, 0x00000000a4400000|  0%| F|  |TAMS 0x00000000a4300000, 0x00000000a4300000| Untracked 
|  32|0x00000000a4400000, 0x00000000a4400000, 0x00000000a4500000|  0%| F|  |TAMS 0x00000000a4400000, 0x00000000a4400000| Untracked 
|  33|0x00000000a4500000, 0x00000000a4500000, 0x00000000a4600000|  0%| F|  |TAMS 0x00000000a4500000, 0x00000000a4500000| Untracked 
|  34|0x00000000a4600000, 0x00000000a4600000, 0x00000000a4700000|  0%| F|  |TAMS 0x00000000a4600000, 0x00000000a4600000| Untracked 
|  35|0x00000000a4700000, 0x00000000a4700000, 0x00000000a4800000|  0%| F|  |TAMS 0x00000000a4700000, 0x00000000a4700000| Untracked 
|  36|0x00000000a4800000, 0x00000000a4800000, 0x00000000a4900000|  0%| F|  |TAMS 0x00000000a4800000, 0x00000000a4800000| Untracked 
|  37|0x00000000a4900000, 0x00000000a4900000, 0x00000000a4a00000|  0%| F|  |TAMS 0x00000000a4900000, 0x00000000a4900000| Untracked 
|  38|0x00000000a4a00000, 0x00000000a4a00000, 0x00000000a4b00000|  0%| F|  |TAMS 0x00000000a4a00000, 0x00000000a4a00000| Untracked 
|  39|0x00000000a4b00000, 0x00000000a4b00000, 0x00000000a4c00000|  0%| F|  |TAMS 0x00000000a4b00000, 0x00000000a4b00000| Untracked 
|  40|0x00000000a4c00000, 0x00000000a4c00000, 0x00000000a4d00000|  0%| F|  |TAMS 0x00000000a4c00000, 0x00000000a4c00000| Untracked 
|  41|0x00000000a4d00000, 0x00000000a4d00000, 0x00000000a4e00000|  0%| F|  |TAMS 0x00000000a4d00000, 0x00000000a4d00000| Untracked 
|  42|0x00000000a4e00000, 0x00000000a4e00000, 0x00000000a4f00000|  0%| F|  |TAMS 0x00000000a4e00000, 0x00000000a4e00000| Untracked 
|  43|0x00000000a4f00000, 0x00000000a4f00000, 0x00000000a5000000|  0%| F|  |TAMS 0x00000000a4f00000, 0x00000000a4f00000| Untracked 
|  44|0x00000000a5000000, 0x00000000a5000000, 0x00000000a5100000|  0%| F|  |TAMS 0x00000000a5000000, 0x00000000a5000000| Untracked 
|  45|0x00000000a5100000, 0x00000000a5100000, 0x00000000a5200000|  0%| F|  |TAMS 0x00000000a5100000, 0x00000000a5100000| Untracked 
|  46|0x00000000a5200000, 0x00000000a5200000, 0x00000000a5300000|  0%| F|  |TAMS 0x00000000a5200000, 0x00000000a5200000| Untracked 
|  47|0x00000000a5300000, 0x00000000a5300000, 0x00000000a5400000|  0%| F|  |TAMS 0x00000000a5300000, 0x00000000a5300000| Untracked 
|  48|0x00000000a5400000, 0x00000000a5400000, 0x00000000a5500000|  0%| F|  |TAMS 0x00000000a5400000, 0x00000000a5400000| Untracked 
|  49|0x00000000a5500000, 0x00000000a5500000, 0x00000000a5600000|  0%| F|  |TAMS 0x00000000a5500000, 0x00000000a5500000| Untracked 
|  50|0x00000000a5600000, 0x00000000a5600000, 0x00000000a5700000|  0%| F|  |TAMS 0x00000000a5600000, 0x00000000a5600000| Untracked 
|  51|0x00000000a5700000, 0x00000000a5700000, 0x00000000a5800000|  0%| F|  |TAMS 0x00000000a5700000, 0x00000000a5700000| Untracked 
|  52|0x00000000a5800000, 0x00000000a5800000, 0x00000000a5900000|  0%| F|  |TAMS 0x00000000a5800000, 0x00000000a5800000| Untracked 
|  53|0x00000000a5900000, 0x00000000a5900000, 0x00000000a5a00000|  0%| F|  |TAMS 0x00000000a5900000, 0x00000000a5900000| Untracked 
|  54|0x00000000a5a00000, 0x00000000a5a00000, 0x00000000a5b00000|  0%| F|  |TAMS 0x00000000a5a00000, 0x00000000a5a00000| Untracked 
|  55|0x00000000a5b00000, 0x00000000a5b00000, 0x00000000a5c00000|  0%| F|  |TAMS 0x00000000a5b00000, 0x00000000a5b00000| Untracked 
|  56|0x00000000a5c00000, 0x00000000a5c00000, 0x00000000a5d00000|  0%| F|  |TAMS 0x00000000a5c00000, 0x00000000a5c00000| Untracked 
|  57|0x00000000a5d00000, 0x00000000a5d00000, 0x00000000a5e00000|  0%| F|  |TAMS 0x00000000a5d00000, 0x00000000a5d00000| Untracked 
|  58|0x00000000a5e00000, 0x00000000a5e00000, 0x00000000a5f00000|  0%| F|  |TAMS 0x00000000a5e00000, 0x00000000a5e00000| Untracked 
|  59|0x00000000a5f00000, 0x00000000a5f00000, 0x00000000a6000000|  0%| F|  |TAMS 0x00000000a5f00000, 0x00000000a5f00000| Untracked 
|  60|0x00000000a6000000, 0x00000000a6000000, 0x00000000a6100000|  0%| F|  |TAMS 0x00000000a6000000, 0x00000000a6000000| Untracked 
|  61|0x00000000a6100000, 0x00000000a6100000, 0x00000000a6200000|  0%| F|  |TAMS 0x00000000a6100000, 0x00000000a6100000| Untracked 
|  62|0x00000000a6200000, 0x00000000a6200000, 0x00000000a6300000|  0%| F|  |TAMS 0x00000000a6200000, 0x00000000a6200000| Untracked 
|  63|0x00000000a6300000, 0x00000000a6300000, 0x00000000a6400000|  0%| F|  |TAMS 0x00000000a6300000, 0x00000000a6300000| Untracked 
|  64|0x00000000a6400000, 0x00000000a6400000, 0x00000000a6500000|  0%| F|  |TAMS 0x00000000a6400000, 0x00000000a6400000| Untracked 
|  65|0x00000000a6500000, 0x00000000a6500000, 0x00000000a6600000|  0%| F|  |TAMS 0x00000000a6500000, 0x00000000a6500000| Untracked 
|  66|0x00000000a6600000, 0x00000000a6600000, 0x00000000a6700000|  0%| F|  |TAMS 0x00000000a6600000, 0x00000000a6600000| Untracked 
|  67|0x00000000a6700000, 0x00000000a6700000, 0x00000000a6800000|  0%| F|  |TAMS 0x00000000a6700000, 0x00000000a6700000| Untracked 
|  68|0x00000000a6800000, 0x00000000a6800000, 0x00000000a6900000|  0%| F|  |TAMS 0x00000000a6800000, 0x00000000a6800000| Untracked 
|  69|0x00000000a6900000, 0x00000000a6900000, 0x00000000a6a00000|  0%| F|  |TAMS 0x00000000a6900000, 0x00000000a6900000| Untracked 
|  70|0x00000000a6a00000, 0x00000000a6a00000, 0x00000000a6b00000|  0%| F|  |TAMS 0x00000000a6a00000, 0x00000000a6a00000| Untracked 
|  71|0x00000000a6b00000, 0x00000000a6b00000, 0x00000000a6c00000|  0%| F|  |TAMS 0x00000000a6b00000, 0x00000000a6b00000| Untracked 
|  72|0x00000000a6c00000, 0x00000000a6c00000, 0x00000000a6d00000|  0%| F|  |TAMS 0x00000000a6c00000, 0x00000000a6c00000| Untracked 
|  73|0x00000000a6d00000, 0x00000000a6d00000, 0x00000000a6e00000|  0%| F|  |TAMS 0x00000000a6d00000, 0x00000000a6d00000| Untracked 
|  74|0x00000000a6e00000, 0x00000000a6e00000, 0x00000000a6f00000|  0%| F|  |TAMS 0x00000000a6e00000, 0x00000000a6e00000| Untracked 
|  75|0x00000000a6f00000, 0x00000000a6f00000, 0x00000000a7000000|  0%| F|  |TAMS 0x00000000a6f00000, 0x00000000a6f00000| Untracked 
|  76|0x00000000a7000000, 0x00000000a7000000, 0x00000000a7100000|  0%| F|  |TAMS 0x00000000a7000000, 0x00000000a7000000| Untracked 
|  77|0x00000000a7100000, 0x00000000a7100000, 0x00000000a7200000|  0%| F|  |TAMS 0x00000000a7100000, 0x00000000a7100000| Untracked 
|  78|0x00000000a7200000, 0x00000000a7200000, 0x00000000a7300000|  0%| F|  |TAMS 0x00000000a7200000, 0x00000000a7200000| Untracked 
|  79|0x00000000a7300000, 0x00000000a7300000, 0x00000000a7400000|  0%| F|  |TAMS 0x00000000a7300000, 0x00000000a7300000| Untracked 
|  80|0x00000000a7400000, 0x00000000a7400000, 0x00000000a7500000|  0%| F|  |TAMS 0x00000000a7400000, 0x00000000a7400000| Untracked 
|  81|0x00000000a7500000, 0x00000000a7500000, 0x00000000a7600000|  0%| F|  |TAMS 0x00000000a7500000, 0x00000000a7500000| Untracked 
|  82|0x00000000a7600000, 0x00000000a7600000, 0x00000000a7700000|  0%| F|  |TAMS 0x00000000a7600000, 0x00000000a7600000| Untracked 
|  83|0x00000000a7700000, 0x00000000a7700000, 0x00000000a7800000|  0%| F|  |TAMS 0x00000000a7700000, 0x00000000a7700000| Untracked 
|  84|0x00000000a7800000, 0x00000000a7800000, 0x00000000a7900000|  0%| F|  |TAMS 0x00000000a7800000, 0x00000000a7800000| Untracked 
|  85|0x00000000a7900000, 0x00000000a7900000, 0x00000000a7a00000|  0%| F|  |TAMS 0x00000000a7900000, 0x00000000a7900000| Untracked 
|  86|0x00000000a7a00000, 0x00000000a7a00000, 0x00000000a7b00000|  0%| F|  |TAMS 0x00000000a7a00000, 0x00000000a7a00000| Untracked 
|  87|0x00000000a7b00000, 0x00000000a7b00000, 0x00000000a7c00000|  0%| F|  |TAMS 0x00000000a7b00000, 0x00000000a7b00000| Untracked 
|  88|0x00000000a7c00000, 0x00000000a7c00000, 0x00000000a7d00000|  0%| F|  |TAMS 0x00000000a7c00000, 0x00000000a7c00000| Untracked 
|  89|0x00000000a7d00000, 0x00000000a7d00000, 0x00000000a7e00000|  0%| F|  |TAMS 0x00000000a7d00000, 0x00000000a7d00000| Untracked 
|  90|0x00000000a7e00000, 0x00000000a7e00000, 0x00000000a7f00000|  0%| F|  |TAMS 0x00000000a7e00000, 0x00000000a7e00000| Untracked 
|  91|0x00000000a7f00000, 0x00000000a7f00000, 0x00000000a8000000|  0%| F|  |TAMS 0x00000000a7f00000, 0x00000000a7f00000| Untracked 
|  92|0x00000000a8000000, 0x00000000a8000000, 0x00000000a8100000|  0%| F|  |TAMS 0x00000000a8000000, 0x00000000a8000000| Untracked 
|  93|0x00000000a8100000, 0x00000000a81d71c8, 0x00000000a8200000| 84%| E|  |TAMS 0x00000000a8100000, 0x00000000a8100000| Complete 

Card table byte_map: [0x000001bb7d7a0000,0x000001bb7da90000] _byte_map_base: 0x000001bb7d28e000

Marking Bits (Prev, Next): (CMBitMap*) 0x000001bb66e4e248, (CMBitMap*) 0x000001bb66e4e280
 Prev Bits: [0x000001bb7dd80000, 0x000001bb7f4f0000)
 Next Bits: [0x000001bb00000000, 0x000001bb01770000)

Polling page: 0x000001bb64c70000

Metaspace:

Usage:
  Non-class:      4.00 MB capacity,     2.39 MB ( 60%) used,     1.61 MB ( 40%) free+waste,    64 bytes ( <1%) overhead. 
      Class:    384.00 KB capacity,   217.88 KB ( 57%) used,   166.05 KB ( 43%) free+waste,    64 bytes ( <1%) overhead. 
       Both:      4.38 MB capacity,     2.60 MB ( 59%) used,     1.77 MB ( 41%) free+waste,   128 bytes ( <1%) overhead. 

Virtual space:
  Non-class space:        8.00 MB reserved,       4.00 MB ( 50%) committed 
      Class space:        1.00 GB reserved,     384.00 KB ( <1%) committed 
             Both:        1.01 GB reserved,       4.38 MB ( <1%) committed 

Chunk freelists:
   Non-Class:  0 bytes
       Class:  0 bytes
        Both:  0 bytes

CodeHeap 'non-profiled nmethods': size=120064Kb used=0Kb max_used=0Kb free=120064Kb
 bounds [0x000001bb75f70000, 0x000001bb761e0000, 0x000001bb7d4b0000]
CodeHeap 'profiled nmethods': size=120000Kb used=25Kb max_used=25Kb free=119974Kb
 bounds [0x000001bb6ea40000, 0x000001bb6ecb0000, 0x000001bb75f70000]
CodeHeap 'non-nmethods': size=5696Kb used=979Kb max_used=984Kb free=4716Kb
 bounds [0x000001bb6e4b0000, 0x000001bb6e720000, 0x000001bb6ea40000]
 total_blobs=246 nmethods=20 adapters=138
 compilation: enabled
              stopped_count=0, restarted_count=0
 full_count=0

Compilation events (10 events):
Event: 0.146 Thread 0x000001bb7fa0b800   14       3       java.util.Objects::requireNonNull (14 bytes)
Event: 0.146 Thread 0x000001bb7fa0b800 nmethod 14 0x000001bb6ea44510 code [0x000001bb6ea446c0, 0x000001bb6ea44888]
Event: 0.146 Thread 0x000001bb7fa0b800   15       3       java.util.Set::of (4 bytes)
Event: 0.146 Thread 0x000001bb7fa0a000   17       4       java.lang.StringLatin1::hashCode (42 bytes)
Event: 0.146 Thread 0x000001bb7fa0b800 nmethod 15 0x000001bb6ea44990 code [0x000001bb6ea44b20, 0x000001bb6ea44c58]
Event: 0.146 Thread 0x000001bb7fa0b800   16       3       java.lang.module.ModuleDescriptor$Exports::<init> (20 bytes)
Event: 0.147 Thread 0x000001bb7fa0b800 nmethod 16 0x000001bb6ea44d10 code [0x000001bb6ea44ec0, 0x000001bb6ea45138]
Event: 0.147 Thread 0x000001bb7fa0b800   18       3       java.lang.module.ModuleDescriptor$Exports::hashCode (38 bytes)
Event: 0.147 Thread 0x000001bb7fa0b800 nmethod 18 0x000001bb6ea45210 code [0x000001bb6ea453e0, 0x000001bb6ea456c8]
Event: 0.149 Thread 0x000001bb7fa0b800   19       3       java.util.AbstractCollection::<init> (5 bytes)

GC Heap History (0 events):
No events

Deoptimization events (0 events):
No events

Classes redefined (0 events):
No events

Internal exceptions (0 events):
No events

Events (10 events):
Event: 0.136 loading class java/lang/module/ModuleDescriptor$Version
Event: 0.136 loading class java/lang/module/ModuleDescriptor$Version done
Event: 0.136 loading class java/lang/module/ModuleDescriptor$Modifier
Event: 0.136 loading class java/lang/Enum
Event: 0.137 loading class java/lang/Enum done
Event: 0.137 loading class java/lang/module/ModuleDescriptor$Modifier done
Event: 0.137 loading class java/lang/module/ModuleDescriptor$Requires$Modifier
Event: 0.138 loading class java/lang/module/ModuleDescriptor$Requires$Modifier done
Event: 0.143 loading class java/util/ImmutableCollections$ListN
Event: 0.143 loading class java/util/ImmutableCollections$ListN done


Dynamic libraries:
0x00007ff6f2c90000 - 0x00007ff6f2ca0000 	D:\Program Files\Java\jdk-11\bin\java.exe
0x00007ffc07930000 - 0x00007ffc07b01000 	C:\Windows\SYSTEM32\ntdll.dll
0x00007ffc05270000 - 0x00007ffc0531b000 	C:\Windows\System32\KERNEL32.DLL
0x00007ffc04020000 - 0x00007ffc0423d000 	C:\Windows\System32\KERNELBASE.dll
0x00007ffc04cd0000 - 0x00007ffc04dc5000 	C:\Windows\System32\ucrtbase.dll
0x00007ffc018d0000 - 0x00007ffc018e9000 	D:\Program Files\Java\jdk-11\bin\jli.dll
0x00007ffc018b0000 - 0x00007ffc018cb000 	D:\Program Files\Java\jdk-11\bin\VCRUNTIME140.dll
0x00007ffc05330000 - 0x00007ffc053d2000 	C:\Windows\System32\ADVAPI32.dll
0x00007ffc07890000 - 0x00007ffc0792e000 	C:\Windows\System32\msvcrt.dll
0x00007ffc05450000 - 0x00007ffc054a9000 	C:\Windows\System32\sechost.dll
0x00007ffc07280000 - 0x00007ffc073a1000 	C:\Windows\System32\RPCRT4.dll
0x00007ffc07690000 - 0x00007ffc077f5000 	C:\Windows\System32\USER32.dll
0x00007ffc04e40000 - 0x00007ffc04e5e000 	C:\Windows\System32\win32u.dll
0x00007ffc04ec0000 - 0x00007ffc04ef4000 	C:\Windows\System32\GDI32.dll
0x00007ffc04240000 - 0x00007ffc043c2000 	C:\Windows\System32\gdi32full.dll
0x00007ffbf2910000 - 0x00007ffbf2b89000 	C:\Windows\WinSxS\amd64_microsoft.windows.common-controls_6595b64144ccf1df_6.0.14393.0_none_2d0f50fcbdb171b8\COMCTL32.dll
0x00007ffc04f00000 - 0x00007ffc051c7000 	C:\Windows\System32\combase.dll
0x00007ffbfec40000 - 0x00007ffbfec4a000 	C:\Windows\SYSTEM32\VERSION.dll
0x00007ffc04dd0000 - 0x00007ffc04e3a000 	C:\Windows\System32\bcryptPrimitives.dll
0x00007ffc07800000 - 0x00007ffc0782e000 	C:\Windows\System32\IMM32.DLL
0x00007ffc02350000 - 0x00007ffc0235c000 	D:\Program Files\Java\jdk-11\bin\vcruntime140_1.dll
0x00007ffbf35d0000 - 0x00007ffbf365e000 	D:\Program Files\Java\jdk-11\bin\msvcp140.dll
0x00007ffbd7180000 - 0x00007ffbd7cec000 	D:\Program Files\Java\jdk-11\bin\server\jvm.dll
0x00007ffc07270000 - 0x00007ffc07278000 	C:\Windows\System32\PSAPI.DLL
0x00007ffbf3050000 - 0x00007ffbf3059000 	C:\Windows\SYSTEM32\WSOCK32.dll
0x00007ffc02320000 - 0x00007ffc02343000 	C:\Windows\SYSTEM32\WINMM.dll
0x00007ffc053e0000 - 0x00007ffc0544a000 	C:\Windows\System32\WS2_32.dll
0x00007ffc022c0000 - 0x00007ffc022eb000 	C:\Windows\SYSTEM32\WINMMBASE.dll
0x00007ffc04c80000 - 0x00007ffc04cc2000 	C:\Windows\System32\cfgmgr32.dll
0x00007ffc03eb0000 - 0x00007ffc03ebf000 	C:\Windows\System32\kernel.appcore.dll
0x00007ffc018a0000 - 0x00007ffc018b0000 	D:\Program Files\Java\jdk-11\bin\verify.dll
0x00007ffbebe90000 - 0x00007ffbec022000 	C:\Windows\SYSTEM32\DBGHELP.DLL
0x00007ffbf2fe0000 - 0x00007ffbf3009000 	C:\Windows\SYSTEM32\dbgcore.DLL
0x00007ffc016f0000 - 0x00007ffc01718000 	D:\Program Files\Java\jdk-11\bin\java.dll
0x00007ffc01890000 - 0x00007ffc0189a000 	D:\Program Files\Java\jdk-11\bin\jimage.dll
0x00007ffc01880000 - 0x00007ffc0188e000 	D:\Program Files\Java\jdk-11\bin\instrument.dll
0x00007ffbff300000 - 0x00007ffbff317000 	D:\Program Files\Java\jdk-11\bin\zip.dll
0x00007ffc059b0000 - 0x00007ffc06eb8000 	C:\Windows\System32\SHELL32.dll
0x00007ffc043d0000 - 0x00007ffc04aaa000 	C:\Windows\System32\windows.storage.dll
0x00007ffc03e60000 - 0x00007ffc03eac000 	C:\Windows\System32\powrprof.dll
0x00007ffc06f20000 - 0x00007ffc06f72000 	C:\Windows\System32\shlwapi.dll
0x00007ffc03ec0000 - 0x00007ffc03f69000 	C:\Windows\System32\shcore.dll
0x00007ffc03e40000 - 0x00007ffc03e54000 	C:\Windows\System32\profapi.dll

dbghelp: loaded successfully - version: 4.0.5 - missing functions: none
symbol engine: initialized successfully - sym options: 0x614 - pdb path: .;D:\Program Files\Java\jdk-11\bin;C:\Windows\SYSTEM32;C:\Windows\WinSxS\amd64_microsoft.windows.common-controls_6595b64144ccf1df_6.0.14393.0_none_2d0f50fcbdb171b8;D:\Program Files\Java\jdk-11\bin\server

VM Arguments:
jvm_args: -javaagent:D:\Program Files\IntelliJ IDEA Community Edition 2023.1.1\lib\idea_rt.jar=3236:D:\Program Files\IntelliJ IDEA Community Edition 2023.1.1\bin -Dfile.encoding=UTF-8 
java_command: com.hillel.Calculator
java_class_path (initial): D:\git_tutorial\work\aqa_may_2023\aqa_may_2023\Lesson_7\out\production\Lesson_7
Launcher Type: SUN_STANDARD

[Global flags]
     intx CICompilerCount                          = 3                                         {product} {ergonomic}
     uint ConcGCThreads                            = 1                                         {product} {ergonomic}
     uint G1ConcRefinementThreads                  = 4                                         {product} {ergonomic}
   size_t G1HeapRegionSize                         = 1048576                                   {product} {ergonomic}
    uintx GCDrainStackTargetSize                   = 64                                        {product} {ergonomic}
   size_t InitialHeapSize                          = 98566144                                  {product} {ergonomic}
   size_t MarkStackSize                            = 4194304                                   {product} {ergonomic}
   size_t MaxHeapSize                              = 1572864000                                {product} {ergonomic}
   size_t MaxNewSize                               = 943718400                                 {product} {ergonomic}
   size_t MinHeapDeltaBytes                        = 1048576                                   {product} {ergonomic}
    uintx NonNMethodCodeHeapSize                   = 5830732                                {pd product} {ergonomic}
    uintx NonProfiledCodeHeapSize                  = 122913754                              {pd product} {ergonomic}
    uintx ProfiledCodeHeapSize                     = 122913754                              {pd product} {ergonomic}
    uintx ReservedCodeCacheSize                    = 251658240                              {pd product} {ergonomic}
     bool SegmentedCodeCache                       = true                                      {product} {ergonomic}
     bool UseCompressedClassPointers               = true                                 {lp64_product} {ergonomic}
     bool UseCompressedOops                        = true                                 {lp64_product} {ergonomic}
     bool UseG1GC                                  = true                                      {product} {ergonomic}
     bool UseLargePagesIndividualAllocation        = false                                  {pd product} {ergonomic}

Logging:
Log output configuration:
 #0: stdout all=warning uptime,level,tags
 #1: stderr all=off uptime,level,tags

Environment Variables:
JAVA_HOME=D:\Program Files\Java\jdk-11
PATH=C:\Program Files\Common Files\Oracle\Java\javapath;C:\Program Files (x86)\Common Files\Oracle\Java\javapath;C:\Windows\system32;C:\Windows;C:\Windows\System32\Wbem;C:\Windows\System32\WindowsPowerShell\v1.0\;C:\Program Files (x86)\ATI Technologies\ATI.ACE\Core-Static;%M2_HOME%\bin;D:\Program Files\Maven\bin;D:\Program Files\Git\cmd;C:\Users\Alex\AppData\Local\Microsoft\WindowsApps;;D:\Program Files\IntelliJ IDEA Community Edition 2023.1.1\bin;
USERNAME=Alex
OS=Windows_NT
PROCESSOR_IDENTIFIER=Intel64 Family 6 Model 42 Stepping 7, GenuineIntel



---------------  S Y S T E M  ---------------

OS: Windows 10 , 64 bit Build 14393 (10.0.14393.0)

CPU:total 4 (initial active 4) (2 cores per cpu, 2 threads per core) family 6 model 42 stepping 7 microcode 0x29, cmov, cx8, fxsr, mmx, sse, sse2, sse3, ssse3, sse4.1, sse4.2, popcnt, avx, aes, clmul, ht, tsc, tscinvbit

Memory: 4k page, system-wide physical 5995M (803M free)
TotalPageFile size 5995M (AvailPageFile size 163M)
current process WorkingSet (physical memory assigned to process): 25M, peak: 25M
current process commit charge ("private bytes"): 158M, peak: 158M

vm_info: Java HotSpot(TM) 64-Bit Server VM (11.0.19+9-LTS-224) for windows-amd64 JRE (11.0.19+9-LTS-224), built on Mar 27 2023 08:48:55 by "mach5one" with MS VC++ 17.1 (VS2022)

END.
