#
# There is insufficient memory for the Java Runtime Environment to continue.
# Native memory allocation (mmap) failed to map 98566144 bytes for Failed to commit area from 0x00000000a2400000 to 0x00000000a8200000 of length 98566144.
# Possible reasons:
#   The system is out of physical RAM or swap space
#   The process is running with CompressedOops enabled, and the Java Heap may be blocking the growth of the native heap
# Possible solutions:
#   Reduce memory load on the system
#   Increase physical memory or swap space
#   Check if swap backing store is full
#   Decrease Java heap size (-Xmx/-Xms)
#   Decrease number of Java threads
#   Decrease Java thread stack sizes (-Xss)
#   Set larger code cache with -XX:ReservedCodeCacheSize=
# This output file may be truncated or incomplete.
#
#  Out of Memory Error (./open/src/hotspot/os/windows/os_windows.cpp:3292), pid=6524, tid=1620
#
# JRE version:  (11.0.19+9) (build )
# Java VM: Java HotSpot(TM) 64-Bit Server VM (11.0.19+9-LTS-224, mixed mode, sharing, tiered, compressed oops, g1 gc, windows-amd64)
# No core dump will be written. Minidumps are not enabled by default on client versions of Windows
#

---------------  S U M M A R Y ------------

Command Line: -agentlib:jdwp=transport=dt_socket,address=127.0.0.1:21192,suspend=y,server=n -javaagent:C:\Users\Alex\AppData\Local\JetBrains\IdeaIC2023.1\captureAgent\debugger-agent.jar -Dfile.encoding=UTF-8 com.hillel.TwoArrays

Host: Intel(R) Core(TM) i5-2430M CPU @ 2.40GHz, 4 cores, 5G,  Windows 10 , 64 bit Build 14393 (10.0.14393.0)
Time: Fri Jun  9 09:03:09 2023 FLE Daylight Time elapsed time: 0.036390 seconds (0d 0h 0m 0s)

---------------  T H R E A D  ---------------

Current thread (0x0000021ed67a9000):  JavaThread "Unknown thread" [_thread_in_vm, id=1620, stack(0x000000326c900000,0x000000326ca00000)]

Stack: [0x000000326c900000,0x000000326ca00000]
Native frames: (J=compiled Java code, j=interpreted, Vv=VM code, C=native code)
V  [jvm.dll+0x65fe1a]
V  [jvm.dll+0x7a2bbf]
V  [jvm.dll+0x7a4289]
V  [jvm.dll+0x7a4923]
V  [jvm.dll+0x258a25]
V  [jvm.dll+0x65d179]
V  [jvm.dll+0x651e55]
V  [jvm.dll+0x31302d]
V  [jvm.dll+0x312e92]
V  [jvm.dll+0x317ac6]
V  [jvm.dll+0x35fbc0]
V  [jvm.dll+0x35f632]
V  [jvm.dll+0x2ee6b8]
V  [jvm.dll+0x2ef7c5]
V  [jvm.dll+0x77bc17]
V  [jvm.dll+0x77d4ff]
V  [jvm.dll+0x36ce69]
V  [jvm.dll+0x76070f]
V  [jvm.dll+0x3defe7]
V  [jvm.dll+0x3e1091]
C  [jli.dll+0x52e7]
C  [ucrtbase.dll+0x1cab0]
C  [KERNEL32.DLL+0x8364]
C  [ntdll.dll+0x65e91]


---------------  P R O C E S S  ---------------

Threads class SMR info:
_java_thread_list=0x0000021ed45b16e0, length=0, elements={
}

Java Threads: ( => current thread )

Other Threads:
  0x0000021ed67c1800 GCTaskThread "GC Thread#0" [stack: 0x000000326ca00000,0x000000326cb00000] [id=4808]
  0x0000021ed67e5000 ConcurrentGCThread "G1 Main Marker" [stack: 0x000000326cb00000,0x000000326cc00000] [id=5892]
  0x0000021ed67e6800 ConcurrentGCThread "G1 Conc#0" [stack: 0x0000000000000000,0x0000000000000000] [id=6092]

[error occurred during error reporting (printing all threads), id 0xc0000005, EXCEPTION_ACCESS_VIOLATION (0xc0000005) at pc=0x00007ff9373ef177]

VM state:not at safepoint (not fully initialized)

VM Mutex/Monitor currently owned by a thread:  ([mutex/lock_event])
[0x0000021ed67a6b10] Heap_lock - owner thread: 0x0000021ed67a9000

Heap address: 0x00000000a2400000, size: 1500 MB, Compressed Oops mode: Non-zero based: 0x00000000a2400000
Narrow klass base: 0x0000000000000000, Narrow klass shift: 0

GC Heap History (0 events):
No events

Deoptimization events (0 events):
No events

Classes redefined (0 events):
No events

Internal exceptions (0 events):
No events

Events (0 events):
No events


Dynamic libraries:
0x00007ff713210000 - 0x00007ff713220000 	D:\Program Files\Java\jdk-11\bin\java.exe
0x00007ff969c90000 - 0x00007ff969e61000 	C:\Windows\SYSTEM32\ntdll.dll
0x00007ff967b60000 - 0x00007ff967c0b000 	C:\Windows\System32\KERNEL32.DLL
0x00007ff966390000 - 0x00007ff9665ad000 	C:\Windows\System32\KERNELBASE.dll
0x00007ff966220000 - 0x00007ff966315000 	C:\Windows\System32\ucrtbase.dll
0x00007ff960f60000 - 0x00007ff960f79000 	D:\Program Files\Java\jdk-11\bin\jli.dll
0x00007ff95e2b0000 - 0x00007ff95e2cb000 	D:\Program Files\Java\jdk-11\bin\VCRUNTIME140.dll
0x00007ff967ab0000 - 0x00007ff967b52000 	C:\Windows\System32\ADVAPI32.dll
0x00007ff969bf0000 - 0x00007ff969c8e000 	C:\Windows\System32\msvcrt.dll
0x00007ff969b50000 - 0x00007ff969ba9000 	C:\Windows\System32\sechost.dll
0x00007ff9673a0000 - 0x00007ff9674c1000 	C:\Windows\System32\RPCRT4.dll
0x00007ff967230000 - 0x00007ff967395000 	C:\Windows\System32\USER32.dll
0x00007ff966370000 - 0x00007ff96638e000 	C:\Windows\System32\win32u.dll
0x00007ff969bb0000 - 0x00007ff969be4000 	C:\Windows\System32\GDI32.dll
0x00007ff9669b0000 - 0x00007ff966b32000 	C:\Windows\System32\gdi32full.dll
0x00007ff957a10000 - 0x00007ff957c89000 	C:\Windows\WinSxS\amd64_microsoft.windows.common-controls_6595b64144ccf1df_6.0.14393.0_none_2d0f50fcbdb171b8\COMCTL32.dll
0x00007ff9697c0000 - 0x00007ff969a87000 	C:\Windows\System32\combase.dll
0x00007ff966940000 - 0x00007ff9669aa000 	C:\Windows\System32\bcryptPrimitives.dll
0x00007ff9605b0000 - 0x00007ff9605ba000 	C:\Windows\SYSTEM32\VERSION.dll
0x00007ff967a20000 - 0x00007ff967a4e000 	C:\Windows\System32\IMM32.DLL
0x00007ff9647c0000 - 0x00007ff9647cc000 	D:\Program Files\Java\jdk-11\bin\vcruntime140_1.dll
0x00007ff94eda0000 - 0x00007ff94ee2e000 	D:\Program Files\Java\jdk-11\bin\msvcp140.dll
0x00007ff9370f0000 - 0x00007ff937c5c000 	D:\Program Files\Java\jdk-11\bin\server\jvm.dll
0x00007ff967d10000 - 0x00007ff967d18000 	C:\Windows\System32\PSAPI.DLL
0x00007ff964600000 - 0x00007ff964609000 	C:\Windows\SYSTEM32\WSOCK32.dll
0x00007ff9645d0000 - 0x00007ff9645f3000 	C:\Windows\SYSTEM32\WINMM.dll
0x00007ff967c80000 - 0x00007ff967cea000 	C:\Windows\System32\WS2_32.dll
0x00007ff964570000 - 0x00007ff96459b000 	C:\Windows\SYSTEM32\WINMMBASE.dll
0x00007ff966320000 - 0x00007ff966362000 	C:\Windows\System32\cfgmgr32.dll
0x00007ff966190000 - 0x00007ff96619f000 	C:\Windows\System32\kernel.appcore.dll
0x00007ff962dd0000 - 0x00007ff962de0000 	D:\Program Files\Java\jdk-11\bin\verify.dll
0x00007ff95d630000 - 0x00007ff95d7c2000 	C:\Windows\SYSTEM32\DBGHELP.DLL
0x00007ff9621d0000 - 0x00007ff9621f9000 	C:\Windows\SYSTEM32\dbgcore.DLL
0x00007ff95ce10000 - 0x00007ff95ce38000 	D:\Program Files\Java\jdk-11\bin\java.dll
0x00007ff960f50000 - 0x00007ff960f5a000 	D:\Program Files\Java\jdk-11\bin\jimage.dll
0x00007ff95dfd0000 - 0x00007ff95e008000 	D:\Program Files\Java\jdk-11\bin\jdwp.dll
0x00007ff95e220000 - 0x00007ff95e22e000 	D:\Program Files\Java\jdk-11\bin\instrument.dll
0x00007ff95aa70000 - 0x00007ff95aa87000 	D:\Program Files\Java\jdk-11\bin\zip.dll

dbghelp: loaded successfully - version: 4.0.5 - missing functions: none
symbol engine: initialized successfully - sym options: 0x614 - pdb path: .;D:\Program Files\Java\jdk-11\bin;C:\Windows\SYSTEM32;C:\Windows\WinSxS\amd64_microsoft.windows.common-controls_6595b64144ccf1df_6.0.14393.0_none_2d0f50fcbdb171b8;D:\Program Files\Java\jdk-11\bin\server

VM Arguments:
jvm_args: -agentlib:jdwp=transport=dt_socket,address=127.0.0.1:21192,suspend=y,server=n -javaagent:C:\Users\Alex\AppData\Local\JetBrains\IdeaIC2023.1\captureAgent\debugger-agent.jar -Dfile.encoding=UTF-8 
java_command: com.hillel.TwoArrays
java_class_path (initial): D:\git_tutorial\work\aqa_may_2023\aqa_may_2023\Lesson_6\out\production\Lesson_6;D:\Program Files\IntelliJ IDEA Community Edition 2023.1.1\lib\idea_rt.jar
Launcher Type: SUN_STANDARD

[Global flags]
     intx CICompilerCount                          = 3                                         {product} {ergonomic}
     uint ConcGCThreads                            = 1                                         {product} {ergonomic}
     uint G1ConcRefinementThreads                  = 4                                         {product} {ergonomic}
   size_t G1HeapRegionSize                         = 1048576                                   {product} {ergonomic}
    uintx GCDrainStackTargetSize                   = 64                                        {product} {ergonomic}
   size_t InitialHeapSize                          = 98566144                                  {product} {ergonomic}
   size_t MarkStackSize                            = 4194304                                   {product} {ergonomic}
   size_t MaxHeapSize                              = 1572864000                                {product} {ergonomic}
   size_t MinHeapDeltaBytes                        = 1048576                                   {product} {ergonomic}
    uintx NonNMethodCodeHeapSize                   = 5830732                                {pd product} {ergonomic}
    uintx NonProfiledCodeHeapSize                  = 122913754                              {pd product} {ergonomic}
    uintx ProfiledCodeHeapSize                     = 122913754                              {pd product} {ergonomic}
    uintx ReservedCodeCacheSize                    = 251658240                              {pd product} {ergonomic}
     bool SegmentedCodeCache                       = true                                      {product} {ergonomic}
     bool UseCompressedClassPointers               = true                                 {lp64_product} {ergonomic}
     bool UseCompressedOops                        = true                                 {lp64_product} {ergonomic}
     bool UseG1GC                                  = true                                      {product} {ergonomic}
     bool UseLargePagesIndividualAllocation        = false                                  {pd product} {ergonomic}

Logging:
Log output configuration:
 #0: stdout all=warning uptime,level,tags
 #1: stderr all=off uptime,level,tags

Environment Variables:
JAVA_HOME=D:\Program Files\Java\jdk-11
PATH=C:\Program Files\Common Files\Oracle\Java\javapath;C:\Program Files (x86)\Common Files\Oracle\Java\javapath;C:\Windows\system32;C:\Windows;C:\Windows\System32\Wbem;C:\Windows\System32\WindowsPowerShell\v1.0\;C:\Program Files (x86)\ATI Technologies\ATI.ACE\Core-Static;%M2_HOME%\bin;D:\Program Files\Maven\bin;D:\Program Files\Git\cmd;C:\Users\Alex\AppData\Local\Microsoft\WindowsApps;;D:\Program Files\IntelliJ IDEA Community Edition 2023.1.1\bin;
USERNAME=Alex
OS=Windows_NT
PROCESSOR_IDENTIFIER=Intel64 Family 6 Model 42 Stepping 7, GenuineIntel



---------------  S Y S T E M  ---------------

OS: Windows 10 , 64 bit Build 14393 (10.0.14393.0)

CPU:total 4 (initial active 4) (2 cores per cpu, 2 threads per core) family 6 model 42 stepping 7 microcode 0x29, cmov, cx8, fxsr, mmx, sse, sse2, sse3, ssse3, sse4.1, sse4.2, popcnt, avx, aes, clmul, ht, tsc, tscinvbit

Memory: 4k page, system-wide physical 5995M (336M free)
TotalPageFile size 5995M (AvailPageFile size 67M)
current process WorkingSet (physical memory assigned to process): 10M, peak: 10M
current process commit charge ("private bytes"): 51M, peak: 145M

vm_info: Java HotSpot(TM) 64-Bit Server VM (11.0.19+9-LTS-224) for windows-amd64 JRE (11.0.19+9-LTS-224), built on Mar 27 2023 08:48:55 by "mach5one" with MS VC++ 17.1 (VS2022)

END.
